<?xml version="1.0" encoding="UTF-8"?>
<!-- Generated by org.testng.reporters.JUnitXMLReporter -->
<testsuite ignored="1" hostname="LAPTOP-E3P6GM11" failures="0" tests="1" name="Test1" time="42.285" errors="0" timestamp="2022-02-28T17:29:47 IST">
  <testcase classname="com.crm_Vtiger.TC001_Createorganisation" name="create_org_test" time="21.822"/>
  <testcase classname="com.crm_Vtiger.TC001_Createorganisation" name="createorg_withoutdata_test" time="0.0">
    <ignored/>
  </testcase> <!-- createorg_withoutdata_test -->
</testsuite> <!-- Test1 -->
