<?xml version="1.0" encoding="UTF-8"?>
<!-- Generated by org.testng.reporters.JUnitXMLReporter -->
<testsuite ignored="4" hostname="LAPTOP-E3P6GM11" failures="0" tests="2" name="CREATION" time="58.365" errors="0" timestamp="2022-02-26T12:40:39 IST">
  <testcase classname="com.crm_Vtiger.TC002_createcustomerDD" name="createcustomer" time="22.526"/>
  <testcase classname="com.crm_Vtiger.TC001_Createorganisation" name="create_org" time="19.393"/>
  <testcase classname="com.crm.vtiger.Basetest" name="@AfterTest teardown" time="0.0">
    <ignored/>
  </testcase> <!-- @AfterTest teardown -->
  <testcase classname="com.crm.vtiger.Basetest" name="@BeforeTest beforetest" time="0.0">
    <ignored/>
  </testcase> <!-- @BeforeTest beforetest -->
  <testcase classname="com.crm.vtiger.Basetest" name="@BeforeSuite makeConnections" time="0.0">
    <ignored/>
  </testcase> <!-- @BeforeSuite makeConnections -->
  <testcase classname="com.crm.vtiger.Basetest" name="@AfterSuite aftersuit" time="0.0">
    <ignored/>
  </testcase> <!-- @AfterSuite aftersuit -->
</testsuite> <!-- CREATION -->
