<?xml version="1.0" encoding="UTF-8"?>
<testng-results ignored="0" total="1" passed="1" failed="0" skipped="0">
  <reporter-output>
  </reporter-output>
  <suite started-at="2022-02-18T13:23:19 IST" name="Default suite" finished-at="2022-02-18T13:23:31 IST" duration-ms="11720">
    <groups>
    </groups>
    <test started-at="2022-02-18T13:23:19 IST" name="Default test" finished-at="2022-02-18T13:23:31 IST" duration-ms="11720">
      <class name="com.PracticeTest.Amazon3">
        <test-method signature="flip()[pri:0, instance:com.PracticeTest.Amazon3@1de5f259]" started-at="2022-02-18T13:23:19 IST" name="flip" finished-at="2022-02-18T13:23:31 IST" duration-ms="11684" status="PASS">
          <reporter-output>
          </reporter-output>
        </test-method> <!-- flip -->
      </class> <!-- com.PracticeTest.Amazon3 -->
    </test> <!-- Default test -->
  </suite> <!-- Default suite -->
</testng-results>
